Determining if the function pthread_create exists in the pthreads failed with the following output:
Change Dir: /home/tim/Projects/asteroids/src/build/CMakeFiles/CMakeTmp

Run Build Command:/usr/bin/make "cmTryCompileExec/fast"
/usr/bin/make -f CMakeFiles/cmTryCompileExec.dir/build.make CMakeFiles/cmTryCompileExec.dir/build
make[1]: Betrete Verzeichnis '/home/tim/Projects/asteroids/src/build/CMakeFiles/CMakeTmp'
/usr/bin/cmake -E cmake_progress_report /home/tim/Projects/asteroids/src/build/CMakeFiles/CMakeTmp/CMakeFiles 1
Building C object CMakeFiles/cmTryCompileExec.dir/CheckFunctionExists.c.o
/usr/bin/gcc   -DCHECK_FUNCTION_EXISTS=pthread_create   -o CMakeFiles/cmTryCompileExec.dir/CheckFunctionExists.c.o   -c /usr/share/cmake-2.8/Modules/CheckFunctionExists.c
Linking C executable cmTryCompileExec
/usr/bin/cmake -E cmake_link_script CMakeFiles/cmTryCompileExec.dir/link.txt --verbose=1
/usr/bin/gcc     -DCHECK_FUNCTION_EXISTS=pthread_create    CMakeFiles/cmTryCompileExec.dir/CheckFunctionExists.c.o  -o cmTryCompileExec -rdynamic -lpthreads 
/usr/bin/ld: cannot find -lpthreads
collect2: ld gab 1 als Ende-Status zurück
make[1]: *** [cmTryCompileExec] Fehler 1
make[1]: Verlasse Verzeichnis '/home/tim/Projects/asteroids/src/build/CMakeFiles/CMakeTmp'
make: *** [cmTryCompileExec/fast] Fehler 2


Determining if the Q_WS_WIN exist failed with the following output:
Change Dir: /home/tim/Projects/asteroids/src/build/CMakeFiles/CMakeTmp

Run Build Command:/usr/bin/make "cmTryCompileExec/fast"
/usr/bin/make -f CMakeFiles/cmTryCompileExec.dir/build.make CMakeFiles/cmTryCompileExec.dir/build
make[1]: Betrete Verzeichnis '/home/tim/Projects/asteroids/src/build/CMakeFiles/CMakeTmp'
/usr/bin/cmake -E cmake_progress_report /home/tim/Projects/asteroids/src/build/CMakeFiles/CMakeTmp/CMakeFiles 1
Building C object CMakeFiles/cmTryCompileExec.dir/CheckSymbolExists.c.o
/usr/bin/gcc   -I/usr/include/qt4    -o CMakeFiles/cmTryCompileExec.dir/CheckSymbolExists.c.o   -c /home/tim/Projects/asteroids/src/build/CMakeFiles/CMakeTmp/CheckSymbolExists.c
/home/tim/Projects/asteroids/src/build/CMakeFiles/CMakeTmp/CheckSymbolExists.c: In Funktion »main«:
/home/tim/Projects/asteroids/src/build/CMakeFiles/CMakeTmp/CheckSymbolExists.c:8:25: Fehler: »Q_WS_WIN« nicht deklariert (erste Benutzung in dieser Funktion)
/home/tim/Projects/asteroids/src/build/CMakeFiles/CMakeTmp/CheckSymbolExists.c:8:25: Anmerkung: jeder nicht deklarierte Bezeichner wird nur einmal für jede Funktion, in der er vorkommt, gemeldet
make[1]: *** [CMakeFiles/cmTryCompileExec.dir/CheckSymbolExists.c.o] Fehler 1
make[1]: Verlasse Verzeichnis '/home/tim/Projects/asteroids/src/build/CMakeFiles/CMakeTmp'
make: *** [cmTryCompileExec/fast] Fehler 2

File /home/tim/Projects/asteroids/src/build/CMakeFiles/CMakeTmp/CheckSymbolExists.c:
/* */
#include <QtCore/qglobal.h>

void cmakeRequireSymbol(int dummy,...){(void)dummy;}
int main()
{
#ifndef Q_WS_WIN
  cmakeRequireSymbol(0,&Q_WS_WIN);
#endif
  return 0;
}

Determining if the Q_WS_QWS exist failed with the following output:
Change Dir: /home/tim/Projects/asteroids/src/build/CMakeFiles/CMakeTmp

Run Build Command:/usr/bin/make "cmTryCompileExec/fast"
/usr/bin/make -f CMakeFiles/cmTryCompileExec.dir/build.make CMakeFiles/cmTryCompileExec.dir/build
make[1]: Betrete Verzeichnis '/home/tim/Projects/asteroids/src/build/CMakeFiles/CMakeTmp'
/usr/bin/cmake -E cmake_progress_report /home/tim/Projects/asteroids/src/build/CMakeFiles/CMakeTmp/CMakeFiles 1
Building C object CMakeFiles/cmTryCompileExec.dir/CheckSymbolExists.c.o
/usr/bin/gcc   -I/usr/include/qt4    -o CMakeFiles/cmTryCompileExec.dir/CheckSymbolExists.c.o   -c /home/tim/Projects/asteroids/src/build/CMakeFiles/CMakeTmp/CheckSymbolExists.c
/home/tim/Projects/asteroids/src/build/CMakeFiles/CMakeTmp/CheckSymbolExists.c: In Funktion »main«:
/home/tim/Projects/asteroids/src/build/CMakeFiles/CMakeTmp/CheckSymbolExists.c:8:25: Fehler: »Q_WS_QWS« nicht deklariert (erste Benutzung in dieser Funktion)
/home/tim/Projects/asteroids/src/build/CMakeFiles/CMakeTmp/CheckSymbolExists.c:8:25: Anmerkung: jeder nicht deklarierte Bezeichner wird nur einmal für jede Funktion, in der er vorkommt, gemeldet
make[1]: *** [CMakeFiles/cmTryCompileExec.dir/CheckSymbolExists.c.o] Fehler 1
make[1]: Verlasse Verzeichnis '/home/tim/Projects/asteroids/src/build/CMakeFiles/CMakeTmp'
make: *** [cmTryCompileExec/fast] Fehler 2

File /home/tim/Projects/asteroids/src/build/CMakeFiles/CMakeTmp/CheckSymbolExists.c:
/* */
#include <QtCore/qglobal.h>

void cmakeRequireSymbol(int dummy,...){(void)dummy;}
int main()
{
#ifndef Q_WS_QWS
  cmakeRequireSymbol(0,&Q_WS_QWS);
#endif
  return 0;
}

Determining if the Q_WS_MAC exist failed with the following output:
Change Dir: /home/tim/Projects/asteroids/src/build/CMakeFiles/CMakeTmp

Run Build Command:/usr/bin/make "cmTryCompileExec/fast"
/usr/bin/make -f CMakeFiles/cmTryCompileExec.dir/build.make CMakeFiles/cmTryCompileExec.dir/build
make[1]: Betrete Verzeichnis '/home/tim/Projects/asteroids/src/build/CMakeFiles/CMakeTmp'
/usr/bin/cmake -E cmake_progress_report /home/tim/Projects/asteroids/src/build/CMakeFiles/CMakeTmp/CMakeFiles 1
Building C object CMakeFiles/cmTryCompileExec.dir/CheckSymbolExists.c.o
/usr/bin/gcc   -I/usr/include/qt4    -o CMakeFiles/cmTryCompileExec.dir/CheckSymbolExists.c.o   -c /home/tim/Projects/asteroids/src/build/CMakeFiles/CMakeTmp/CheckSymbolExists.c
/home/tim/Projects/asteroids/src/build/CMakeFiles/CMakeTmp/CheckSymbolExists.c: In Funktion »main«:
/home/tim/Projects/asteroids/src/build/CMakeFiles/CMakeTmp/CheckSymbolExists.c:8:25: Fehler: »Q_WS_MAC« nicht deklariert (erste Benutzung in dieser Funktion)
/home/tim/Projects/asteroids/src/build/CMakeFiles/CMakeTmp/CheckSymbolExists.c:8:25: Anmerkung: jeder nicht deklarierte Bezeichner wird nur einmal für jede Funktion, in der er vorkommt, gemeldet
make[1]: *** [CMakeFiles/cmTryCompileExec.dir/CheckSymbolExists.c.o] Fehler 1
make[1]: Verlasse Verzeichnis '/home/tim/Projects/asteroids/src/build/CMakeFiles/CMakeTmp'
make: *** [cmTryCompileExec/fast] Fehler 2

File /home/tim/Projects/asteroids/src/build/CMakeFiles/CMakeTmp/CheckSymbolExists.c:
/* */
#include <QtCore/qglobal.h>

void cmakeRequireSymbol(int dummy,...){(void)dummy;}
int main()
{
#ifndef Q_WS_MAC
  cmakeRequireSymbol(0,&Q_WS_MAC);
#endif
  return 0;
}

